2025-04-22T15:53:21.791+07:00  INFO 10540 --- [main] c.e.auth_service.AuthServiceApplication  : Starting AuthServiceApplication using Java 23.0.1 with PID 10540 (D:\code\New folder\auth_service\target\classes started by LONGBV in D:\code\New folder\auth_service)
2025-04-22T15:53:21.794+07:00  INFO 10540 --- [main] c.e.auth_service.AuthServiceApplication  : No active profile set, falling back to 1 default profile: "default"
2025-04-22T15:53:22.797+07:00  INFO 10540 --- [main] .s.d.r.c.RepositoryConfigurationDelegate : Bootstrapping Spring Data JPA repositories in DEFAULT mode.
2025-04-22T15:53:22.874+07:00  INFO 10540 --- [main] .s.d.r.c.RepositoryConfigurationDelegate : Finished Spring Data repository scanning in 67 ms. Found 4 JPA repository interfaces.
2025-04-22T15:53:23.494+07:00  INFO 10540 --- [main] o.s.b.w.embedded.tomcat.TomcatWebServer  : Tomcat initialized with port 8080 (http)
2025-04-22T15:53:23.511+07:00  INFO 10540 --- [main] o.apache.catalina.core.StandardService   : Starting service [Tomcat]
2025-04-22T15:53:23.512+07:00  INFO 10540 --- [main] o.apache.catalina.core.StandardEngine    : Starting Servlet engine: [Apache Tomcat/10.1.39]
2025-04-22T15:53:23.590+07:00  INFO 10540 --- [main] o.a.c.c.C.[Tomcat].[localhost].[/]       : Initializing Spring embedded WebApplicationContext
2025-04-22T15:53:23.591+07:00  INFO 10540 --- [main] w.s.c.ServletWebServerApplicationContext : Root WebApplicationContext: initialization completed in 1727 ms
2025-04-22T15:53:23.724+07:00  INFO 10540 --- [main] com.zaxxer.hikari.HikariDataSource       : HikariPool-1 - Starting...
2025-04-22T15:53:26.417+07:00  INFO 10540 --- [main] com.zaxxer.hikari.pool.HikariPool        : HikariPool-1 - Added connection com.mysql.cj.jdbc.ConnectionImpl@7e27f603
2025-04-22T15:53:26.419+07:00  INFO 10540 --- [main] com.zaxxer.hikari.HikariDataSource       : HikariPool-1 - Start completed.
2025-04-22T15:53:26.473+07:00  INFO 10540 --- [main] o.hibernate.jpa.internal.util.LogHelper  : HHH000204: Processing PersistenceUnitInfo [name: default]
2025-04-22T15:53:26.559+07:00  INFO 10540 --- [main] org.hibernate.Version                    : HHH000412: Hibernate ORM core version 6.6.11.Final
2025-04-22T15:53:26.607+07:00  INFO 10540 --- [main] o.h.c.internal.RegionFactoryInitiator    : HHH000026: Second-level cache disabled
2025-04-22T15:53:26.918+07:00  INFO 10540 --- [main] o.s.o.j.p.SpringPersistenceUnitInfo      : No LoadTimeWeaver setup: ignoring JPA class transformer
2025-04-22T15:53:27.441+07:00  WARN 10540 --- [main] org.hibernate.orm.deprecation            : HHH90000025: MySQL8Dialect does not need to be specified explicitly using 'hibernate.dialect' (remove the property setting and it will be selected by default)
2025-04-22T15:53:27.442+07:00  WARN 10540 --- [main] org.hibernate.orm.deprecation            : HHH90000026: MySQL8Dialect has been deprecated; use org.hibernate.dialect.MySQLDialect instead
2025-04-22T15:53:27.455+07:00  INFO 10540 --- [main] org.hibernate.orm.connections.pooling    : HHH10001005: Database info:
	Database JDBC URL [Connecting through datasource 'HikariDataSource (HikariPool-1)']
	Database driver: undefined/unknown
	Database version: 8.0
	Autocommit mode: undefined/unknown
	Isolation level: undefined/unknown
	Minimum pool size: undefined/unknown
	Maximum pool size: undefined/unknown
2025-04-22T15:53:28.433+07:00  INFO 10540 --- [main] o.h.e.t.j.p.i.JtaPlatformInitiator       : HHH000489: No JTA platform available (set 'hibernate.transaction.jta.platform' to enable JTA platform integration)
2025-04-22T15:53:28.436+07:00  INFO 10540 --- [main] j.LocalContainerEntityManagerFactoryBean : Initialized JPA EntityManagerFactory for persistence unit 'default'
2025-04-22T15:53:28.805+07:00  INFO 10540 --- [main] eAuthenticationProviderManagerConfigurer : Global AuthenticationManager configured with AuthenticationProvider bean with name authenticationProvider
2025-04-22T15:53:28.806+07:00  WARN 10540 --- [main] r$InitializeUserDetailsManagerConfigurer : Global AuthenticationManager configured with an AuthenticationProvider bean. UserDetailsService beans will not be used by Spring Security for automatically configuring username/password login. Consider removing the AuthenticationProvider bean. Alternatively, consider using the UserDetailsService in a manually instantiated DaoAuthenticationProvider. If the current configuration is intentional, to turn off this warning, increase the logging level of 'org.springframework.security.config.annotation.authentication.configuration.InitializeUserDetailsBeanManagerConfigurer' to ERROR
2025-04-22T15:53:28.844+07:00  INFO 10540 --- [main] o.s.d.j.r.query.QueryEnhancerFactory     : Hibernate is in classpath; If applicable, HQL parser will be used.
2025-04-22T15:53:29.476+07:00  WARN 10540 --- [main] JpaBaseConfiguration$JpaWebConfiguration : spring.jpa.open-in-view is enabled by default. Therefore, database queries may be performed during view rendering. Explicitly configure spring.jpa.open-in-view to disable this warning
2025-04-22T15:53:29.767+07:00  WARN 10540 --- [main] thorizationManagerRequestMatcherRegistry : One of the patterns in [api/auth/register, api/auth/otp/send, api/auth/reset-password, api/auth/login-google, api/auth/otp/verify, api/auth/login] is missing a leading slash. This is discouraged; please include the leading slash in all your request matcher patterns. In future versions of Spring Security, leaving out the leading slash will result in an exception.
2025-04-22T15:53:29.841+07:00  INFO 10540 --- [main] o.s.v.b.OptionalValidatorFactoryBean     : Failed to set up a Bean Validation provider: jakarta.validation.NoProviderFoundException: Unable to create a Configuration, because no Jakarta Bean Validation provider could be found. Add a provider like Hibernate Validator (RI) to your classpath.
2025-04-22T15:53:30.174+07:00  INFO 10540 --- [main] o.s.b.w.embedded.tomcat.TomcatWebServer  : Tomcat started on port 8080 (http) with context path '/'
2025-04-22T15:53:30.183+07:00  INFO 10540 --- [main] c.e.auth_service.AuthServiceApplication  : Started AuthServiceApplication in 9.009 seconds (process running for 9.965)
2025-04-22T15:54:18.599+07:00  INFO 10540 --- [SpringApplicationShutdownHook] o.s.b.w.e.tomcat.GracefulShutdown        : Commencing graceful shutdown. Waiting for active requests to complete
2025-04-22T15:54:18.613+07:00  INFO 10540 --- [tomcat-shutdown] o.s.b.w.e.tomcat.GracefulShutdown        : Graceful shutdown complete
2025-04-22T15:54:18.618+07:00  INFO 10540 --- [SpringApplicationShutdownHook] j.LocalContainerEntityManagerFactoryBean : Closing JPA EntityManagerFactory for persistence unit 'default'
2025-04-22T15:54:18.621+07:00  INFO 10540 --- [SpringApplicationShutdownHook] com.zaxxer.hikari.HikariDataSource       : HikariPool-1 - Shutdown initiated...
2025-04-22T15:54:19.109+07:00  INFO 10540 --- [SpringApplicationShutdownHook] com.zaxxer.hikari.HikariDataSource       : HikariPool-1 - Shutdown completed.
2025-04-22T15:54:22.318+07:00  INFO 4416 --- [main] c.e.auth_service.AuthServiceApplication  : Starting AuthServiceApplication using Java 23.0.1 with PID 4416 (D:\code\New folder\auth_service\target\classes started by LONGBV in D:\code\New folder\auth_service)
2025-04-22T15:54:22.320+07:00  INFO 4416 --- [main] c.e.auth_service.AuthServiceApplication  : No active profile set, falling back to 1 default profile: "default"
2025-04-22T15:54:23.999+07:00  INFO 4416 --- [main] .s.d.r.c.RepositoryConfigurationDelegate : Bootstrapping Spring Data JPA repositories in DEFAULT mode.
2025-04-22T15:54:24.109+07:00  INFO 4416 --- [main] .s.d.r.c.RepositoryConfigurationDelegate : Finished Spring Data repository scanning in 97 ms. Found 4 JPA repository interfaces.
2025-04-22T15:54:24.854+07:00  INFO 4416 --- [main] o.s.b.w.embedded.tomcat.TomcatWebServer  : Tomcat initialized with port 8080 (http)
2025-04-22T15:54:24.875+07:00  INFO 4416 --- [main] o.apache.catalina.core.StandardService   : Starting service [Tomcat]
2025-04-22T15:54:24.876+07:00  INFO 4416 --- [main] o.apache.catalina.core.StandardEngine    : Starting Servlet engine: [Apache Tomcat/10.1.39]
2025-04-22T15:54:24.956+07:00  INFO 4416 --- [main] o.a.c.c.C.[Tomcat].[localhost].[/]       : Initializing Spring embedded WebApplicationContext
2025-04-22T15:54:24.957+07:00  INFO 4416 --- [main] w.s.c.ServletWebServerApplicationContext : Root WebApplicationContext: initialization completed in 2545 ms
2025-04-22T15:54:25.121+07:00  INFO 4416 --- [main] com.zaxxer.hikari.HikariDataSource       : HikariPool-1 - Starting...
2025-04-22T15:54:27.915+07:00  INFO 4416 --- [main] com.zaxxer.hikari.pool.HikariPool        : HikariPool-1 - Added connection com.mysql.cj.jdbc.ConnectionImpl@7e27f603
2025-04-22T15:54:27.924+07:00  INFO 4416 --- [main] com.zaxxer.hikari.HikariDataSource       : HikariPool-1 - Start completed.
2025-04-22T15:54:27.985+07:00  INFO 4416 --- [main] o.hibernate.jpa.internal.util.LogHelper  : HHH000204: Processing PersistenceUnitInfo [name: default]
2025-04-22T15:54:28.091+07:00  INFO 4416 --- [main] org.hibernate.Version                    : HHH000412: Hibernate ORM core version 6.6.11.Final
2025-04-22T15:54:28.151+07:00  INFO 4416 --- [main] o.h.c.internal.RegionFactoryInitiator    : HHH000026: Second-level cache disabled
2025-04-22T15:54:28.517+07:00  INFO 4416 --- [main] o.s.o.j.p.SpringPersistenceUnitInfo      : No LoadTimeWeaver setup: ignoring JPA class transformer
2025-04-22T15:54:29.047+07:00  WARN 4416 --- [main] org.hibernate.orm.deprecation            : HHH90000025: MySQL8Dialect does not need to be specified explicitly using 'hibernate.dialect' (remove the property setting and it will be selected by default)
2025-04-22T15:54:29.048+07:00  WARN 4416 --- [main] org.hibernate.orm.deprecation            : HHH90000026: MySQL8Dialect has been deprecated; use org.hibernate.dialect.MySQLDialect instead
2025-04-22T15:54:29.065+07:00  INFO 4416 --- [main] org.hibernate.orm.connections.pooling    : HHH10001005: Database info:
	Database JDBC URL [Connecting through datasource 'HikariDataSource (HikariPool-1)']
	Database driver: undefined/unknown
	Database version: 8.0
	Autocommit mode: undefined/unknown
	Isolation level: undefined/unknown
	Minimum pool size: undefined/unknown
	Maximum pool size: undefined/unknown
2025-04-22T15:54:30.152+07:00  INFO 4416 --- [main] o.h.e.t.j.p.i.JtaPlatformInitiator       : HHH000489: No JTA platform available (set 'hibernate.transaction.jta.platform' to enable JTA platform integration)
2025-04-22T15:54:30.155+07:00  INFO 4416 --- [main] j.LocalContainerEntityManagerFactoryBean : Initialized JPA EntityManagerFactory for persistence unit 'default'
2025-04-22T15:54:30.618+07:00  INFO 4416 --- [main] eAuthenticationProviderManagerConfigurer : Global AuthenticationManager configured with AuthenticationProvider bean with name authenticationProvider
2025-04-22T15:54:30.619+07:00  WARN 4416 --- [main] r$InitializeUserDetailsManagerConfigurer : Global AuthenticationManager configured with an AuthenticationProvider bean. UserDetailsService beans will not be used by Spring Security for automatically configuring username/password login. Consider removing the AuthenticationProvider bean. Alternatively, consider using the UserDetailsService in a manually instantiated DaoAuthenticationProvider. If the current configuration is intentional, to turn off this warning, increase the logging level of 'org.springframework.security.config.annotation.authentication.configuration.InitializeUserDetailsBeanManagerConfigurer' to ERROR
2025-04-22T15:54:30.677+07:00  INFO 4416 --- [main] o.s.d.j.r.query.QueryEnhancerFactory     : Hibernate is in classpath; If applicable, HQL parser will be used.
2025-04-22T15:54:31.358+07:00  WARN 4416 --- [main] JpaBaseConfiguration$JpaWebConfiguration : spring.jpa.open-in-view is enabled by default. Therefore, database queries may be performed during view rendering. Explicitly configure spring.jpa.open-in-view to disable this warning
2025-04-22T15:54:31.688+07:00  WARN 4416 --- [main] thorizationManagerRequestMatcherRegistry : One of the patterns in [api/auth/register, api/auth/otp/send, api/auth/reset-password, api/auth/login-google, api/auth/otp/verify, api/auth/login] is missing a leading slash. This is discouraged; please include the leading slash in all your request matcher patterns. In future versions of Spring Security, leaving out the leading slash will result in an exception.
2025-04-22T15:54:31.759+07:00  INFO 4416 --- [main] o.s.v.b.OptionalValidatorFactoryBean     : Failed to set up a Bean Validation provider: jakarta.validation.NoProviderFoundException: Unable to create a Configuration, because no Jakarta Bean Validation provider could be found. Add a provider like Hibernate Validator (RI) to your classpath.
2025-04-22T15:54:32.146+07:00  INFO 4416 --- [main] o.s.b.w.embedded.tomcat.TomcatWebServer  : Tomcat started on port 8080 (http) with context path '/'
2025-04-22T15:54:32.155+07:00  INFO 4416 --- [main] c.e.auth_service.AuthServiceApplication  : Started AuthServiceApplication in 10.603 seconds (process running for 11.609)
2025-04-22T15:54:37.032+07:00  INFO 4416 --- [http-nio-8080-exec-1] o.a.c.c.C.[Tomcat].[localhost].[/]       : Initializing Spring DispatcherServlet 'dispatcherServlet'
2025-04-22T15:54:37.032+07:00  INFO 4416 --- [http-nio-8080-exec-1] o.s.web.servlet.DispatcherServlet        : Initializing Servlet 'dispatcherServlet'
2025-04-22T15:54:37.033+07:00  INFO 4416 --- [http-nio-8080-exec-1] o.s.web.servlet.DispatcherServlet        : Completed initialization in 1 ms
2025-04-22T15:54:37.752+07:00  INFO 4416 --- [http-nio-8080-exec-1] c.e.a.application.service.AuthService    : Email and Phone not found
2025-04-22T15:56:39.980+07:00  INFO 4416 --- [SpringApplicationShutdownHook] o.s.b.w.e.tomcat.GracefulShutdown        : Commencing graceful shutdown. Waiting for active requests to complete
2025-04-22T15:56:39.994+07:00  INFO 4416 --- [tomcat-shutdown] o.s.b.w.e.tomcat.GracefulShutdown        : Graceful shutdown complete
2025-04-22T15:56:40.005+07:00  INFO 4416 --- [SpringApplicationShutdownHook] j.LocalContainerEntityManagerFactoryBean : Closing JPA EntityManagerFactory for persistence unit 'default'
2025-04-22T15:56:40.011+07:00  INFO 4416 --- [SpringApplicationShutdownHook] com.zaxxer.hikari.HikariDataSource       : HikariPool-1 - Shutdown initiated...
2025-04-22T15:56:40.486+07:00  INFO 4416 --- [SpringApplicationShutdownHook] com.zaxxer.hikari.HikariDataSource       : HikariPool-1 - Shutdown completed.
2025-04-22T15:56:43.829+07:00  INFO 17372 --- [main] c.e.auth_service.AuthServiceApplication  : Starting AuthServiceApplication using Java 23.0.1 with PID 17372 (D:\code\New folder\auth_service\target\classes started by LONGBV in D:\code\New folder\auth_service)
2025-04-22T15:56:43.832+07:00  INFO 17372 --- [main] c.e.auth_service.AuthServiceApplication  : No active profile set, falling back to 1 default profile: "default"
2025-04-22T15:56:46.282+07:00  INFO 17372 --- [main] .s.d.r.c.RepositoryConfigurationDelegate : Bootstrapping Spring Data JPA repositories in DEFAULT mode.
2025-04-22T15:56:46.386+07:00  INFO 17372 --- [main] .s.d.r.c.RepositoryConfigurationDelegate : Finished Spring Data repository scanning in 92 ms. Found 4 JPA repository interfaces.
2025-04-22T15:56:46.999+07:00  INFO 17372 --- [main] o.s.b.w.embedded.tomcat.TomcatWebServer  : Tomcat initialized with port 8080 (http)
2025-04-22T15:56:47.015+07:00  INFO 17372 --- [main] o.apache.catalina.core.StandardService   : Starting service [Tomcat]
2025-04-22T15:56:47.015+07:00  INFO 17372 --- [main] o.apache.catalina.core.StandardEngine    : Starting Servlet engine: [Apache Tomcat/10.1.39]
2025-04-22T15:56:47.085+07:00  INFO 17372 --- [main] o.a.c.c.C.[Tomcat].[localhost].[/]       : Initializing Spring embedded WebApplicationContext
2025-04-22T15:56:47.086+07:00  INFO 17372 --- [main] w.s.c.ServletWebServerApplicationContext : Root WebApplicationContext: initialization completed in 3163 ms
2025-04-22T15:56:47.208+07:00  INFO 17372 --- [main] com.zaxxer.hikari.HikariDataSource       : HikariPool-1 - Starting...
2025-04-22T15:56:50.031+07:00  INFO 17372 --- [main] com.zaxxer.hikari.pool.HikariPool        : HikariPool-1 - Added connection com.mysql.cj.jdbc.ConnectionImpl@7e77678c
2025-04-22T15:56:50.033+07:00  INFO 17372 --- [main] com.zaxxer.hikari.HikariDataSource       : HikariPool-1 - Start completed.
2025-04-22T15:56:50.077+07:00  INFO 17372 --- [main] o.hibernate.jpa.internal.util.LogHelper  : HHH000204: Processing PersistenceUnitInfo [name: default]
2025-04-22T15:56:50.122+07:00  INFO 17372 --- [main] org.hibernate.Version                    : HHH000412: Hibernate ORM core version 6.6.11.Final
2025-04-22T15:56:50.155+07:00  INFO 17372 --- [main] o.h.c.internal.RegionFactoryInitiator    : HHH000026: Second-level cache disabled
2025-04-22T15:56:50.416+07:00  INFO 17372 --- [main] o.s.o.j.p.SpringPersistenceUnitInfo      : No LoadTimeWeaver setup: ignoring JPA class transformer
2025-04-22T15:56:50.743+07:00  WARN 17372 --- [main] org.hibernate.orm.deprecation            : HHH90000025: MySQL8Dialect does not need to be specified explicitly using 'hibernate.dialect' (remove the property setting and it will be selected by default)
2025-04-22T15:56:50.746+07:00  WARN 17372 --- [main] org.hibernate.orm.deprecation            : HHH90000026: MySQL8Dialect has been deprecated; use org.hibernate.dialect.MySQLDialect instead
2025-04-22T15:56:50.758+07:00  INFO 17372 --- [main] org.hibernate.orm.connections.pooling    : HHH10001005: Database info:
	Database JDBC URL [Connecting through datasource 'HikariDataSource (HikariPool-1)']
	Database driver: undefined/unknown
	Database version: 8.0
	Autocommit mode: undefined/unknown
	Isolation level: undefined/unknown
	Minimum pool size: undefined/unknown
	Maximum pool size: undefined/unknown
2025-04-22T15:56:51.659+07:00  INFO 17372 --- [main] o.h.e.t.j.p.i.JtaPlatformInitiator       : HHH000489: No JTA platform available (set 'hibernate.transaction.jta.platform' to enable JTA platform integration)
2025-04-22T15:56:51.662+07:00  INFO 17372 --- [main] j.LocalContainerEntityManagerFactoryBean : Initialized JPA EntityManagerFactory for persistence unit 'default'
2025-04-22T15:56:52.013+07:00  INFO 17372 --- [main] eAuthenticationProviderManagerConfigurer : Global AuthenticationManager configured with AuthenticationProvider bean with name authenticationProvider
2025-04-22T15:56:52.013+07:00  WARN 17372 --- [main] r$InitializeUserDetailsManagerConfigurer : Global AuthenticationManager configured with an AuthenticationProvider bean. UserDetailsService beans will not be used by Spring Security for automatically configuring username/password login. Consider removing the AuthenticationProvider bean. Alternatively, consider using the UserDetailsService in a manually instantiated DaoAuthenticationProvider. If the current configuration is intentional, to turn off this warning, increase the logging level of 'org.springframework.security.config.annotation.authentication.configuration.InitializeUserDetailsBeanManagerConfigurer' to ERROR
2025-04-22T15:56:52.054+07:00  INFO 17372 --- [main] o.s.d.j.r.query.QueryEnhancerFactory     : Hibernate is in classpath; If applicable, HQL parser will be used.
2025-04-22T15:56:52.569+07:00  WARN 17372 --- [main] JpaBaseConfiguration$JpaWebConfiguration : spring.jpa.open-in-view is enabled by default. Therefore, database queries may be performed during view rendering. Explicitly configure spring.jpa.open-in-view to disable this warning
2025-04-22T15:56:52.841+07:00  WARN 17372 --- [main] thorizationManagerRequestMatcherRegistry : One of the patterns in [api/auth/register, api/auth/otp/send, api/auth/reset-password, api/auth/login-google, api/auth/otp/verify, api/auth/login] is missing a leading slash. This is discouraged; please include the leading slash in all your request matcher patterns. In future versions of Spring Security, leaving out the leading slash will result in an exception.
2025-04-22T15:56:52.901+07:00  INFO 17372 --- [main] o.s.v.b.OptionalValidatorFactoryBean     : Failed to set up a Bean Validation provider: jakarta.validation.NoProviderFoundException: Unable to create a Configuration, because no Jakarta Bean Validation provider could be found. Add a provider like Hibernate Validator (RI) to your classpath.
2025-04-22T15:56:53.221+07:00  INFO 17372 --- [main] o.s.b.w.embedded.tomcat.TomcatWebServer  : Tomcat started on port 8080 (http) with context path '/'
2025-04-22T15:56:53.231+07:00  INFO 17372 --- [main] c.e.auth_service.AuthServiceApplication  : Started AuthServiceApplication in 10.017 seconds (process running for 10.891)
2025-04-22T15:57:10.402+07:00  INFO 17372 --- [http-nio-8080-exec-2] o.a.c.c.C.[Tomcat].[localhost].[/]       : Initializing Spring DispatcherServlet 'dispatcherServlet'
2025-04-22T15:57:10.402+07:00  INFO 17372 --- [http-nio-8080-exec-2] o.s.web.servlet.DispatcherServlet        : Initializing Servlet 'dispatcherServlet'
2025-04-22T15:57:10.404+07:00  INFO 17372 --- [http-nio-8080-exec-2] o.s.web.servlet.DispatcherServlet        : Completed initialization in 1 ms
2025-04-22T15:57:11.083+07:00  INFO 17372 --- [http-nio-8080-exec-2] c.e.a.application.service.AuthService    : Email and Phone not found
2025-04-22T15:57:31.551+07:00  INFO 17372 --- [http-nio-8080-exec-4] c.e.a.application.service.AuthService    : Email and Phone not found
2025-04-22T16:03:20.576+07:00  INFO 17372 --- [SpringApplicationShutdownHook] o.s.b.w.e.tomcat.GracefulShutdown        : Commencing graceful shutdown. Waiting for active requests to complete
2025-04-22T16:03:20.608+07:00  INFO 17372 --- [tomcat-shutdown] o.s.b.w.e.tomcat.GracefulShutdown        : Graceful shutdown complete
2025-04-22T16:03:20.639+07:00  INFO 17372 --- [SpringApplicationShutdownHook] j.LocalContainerEntityManagerFactoryBean : Closing JPA EntityManagerFactory for persistence unit 'default'
2025-04-22T16:03:20.666+07:00  INFO 17372 --- [SpringApplicationShutdownHook] com.zaxxer.hikari.HikariDataSource       : HikariPool-1 - Shutdown initiated...
2025-04-22T16:03:21.390+07:00  INFO 17372 --- [SpringApplicationShutdownHook] com.zaxxer.hikari.HikariDataSource       : HikariPool-1 - Shutdown completed.
2025-04-22T16:03:31.200+07:00  INFO 3864 --- [main] c.e.auth_service.AuthServiceApplication  : Starting AuthServiceApplication using Java 23.0.1 with PID 3864 (D:\code\New folder\auth_service\target\classes started by LONGBV in D:\code\New folder\auth_service)
2025-04-22T16:03:31.202+07:00  INFO 3864 --- [main] c.e.auth_service.AuthServiceApplication  : No active profile set, falling back to 1 default profile: "default"
2025-04-22T16:03:32.305+07:00  INFO 3864 --- [main] .s.d.r.c.RepositoryConfigurationDelegate : Bootstrapping Spring Data JPA repositories in DEFAULT mode.
2025-04-22T16:03:32.374+07:00  INFO 3864 --- [main] .s.d.r.c.RepositoryConfigurationDelegate : Finished Spring Data repository scanning in 61 ms. Found 4 JPA repository interfaces.
2025-04-22T16:03:32.930+07:00  INFO 3864 --- [main] o.s.b.w.embedded.tomcat.TomcatWebServer  : Tomcat initialized with port 8080 (http)
2025-04-22T16:03:32.946+07:00  INFO 3864 --- [main] o.apache.catalina.core.StandardService   : Starting service [Tomcat]
2025-04-22T16:03:32.946+07:00  INFO 3864 --- [main] o.apache.catalina.core.StandardEngine    : Starting Servlet engine: [Apache Tomcat/10.1.39]
2025-04-22T16:03:33.014+07:00  INFO 3864 --- [main] o.a.c.c.C.[Tomcat].[localhost].[/]       : Initializing Spring embedded WebApplicationContext
2025-04-22T16:03:33.014+07:00  INFO 3864 --- [main] w.s.c.ServletWebServerApplicationContext : Root WebApplicationContext: initialization completed in 1753 ms
2025-04-22T16:03:33.136+07:00  INFO 3864 --- [main] com.zaxxer.hikari.HikariDataSource       : HikariPool-1 - Starting...
2025-04-22T16:03:36.519+07:00  INFO 3864 --- [main] com.zaxxer.hikari.pool.HikariPool        : HikariPool-1 - Added connection com.mysql.cj.jdbc.ConnectionImpl@3686389
2025-04-22T16:03:36.523+07:00  INFO 3864 --- [main] com.zaxxer.hikari.HikariDataSource       : HikariPool-1 - Start completed.
2025-04-22T16:03:36.583+07:00  INFO 3864 --- [main] o.hibernate.jpa.internal.util.LogHelper  : HHH000204: Processing PersistenceUnitInfo [name: default]
2025-04-22T16:03:36.672+07:00  INFO 3864 --- [main] org.hibernate.Version                    : HHH000412: Hibernate ORM core version 6.6.11.Final
2025-04-22T16:03:36.719+07:00  INFO 3864 --- [main] o.h.c.internal.RegionFactoryInitiator    : HHH000026: Second-level cache disabled
2025-04-22T16:03:37.031+07:00  INFO 3864 --- [main] o.s.o.j.p.SpringPersistenceUnitInfo      : No LoadTimeWeaver setup: ignoring JPA class transformer
2025-04-22T16:03:37.603+07:00  WARN 3864 --- [main] org.hibernate.orm.deprecation            : HHH90000025: MySQL8Dialect does not need to be specified explicitly using 'hibernate.dialect' (remove the property setting and it will be selected by default)
2025-04-22T16:03:37.604+07:00  WARN 3864 --- [main] org.hibernate.orm.deprecation            : HHH90000026: MySQL8Dialect has been deprecated; use org.hibernate.dialect.MySQLDialect instead
2025-04-22T16:03:37.620+07:00  INFO 3864 --- [main] org.hibernate.orm.connections.pooling    : HHH10001005: Database info:
	Database JDBC URL [Connecting through datasource 'HikariDataSource (HikariPool-1)']
	Database driver: undefined/unknown
	Database version: 8.0
	Autocommit mode: undefined/unknown
	Isolation level: undefined/unknown
	Minimum pool size: undefined/unknown
	Maximum pool size: undefined/unknown
2025-04-22T16:03:38.573+07:00  INFO 3864 --- [main] o.h.e.t.j.p.i.JtaPlatformInitiator       : HHH000489: No JTA platform available (set 'hibernate.transaction.jta.platform' to enable JTA platform integration)
2025-04-22T16:03:38.575+07:00  INFO 3864 --- [main] j.LocalContainerEntityManagerFactoryBean : Initialized JPA EntityManagerFactory for persistence unit 'default'
2025-04-22T16:03:38.927+07:00  INFO 3864 --- [main] eAuthenticationProviderManagerConfigurer : Global AuthenticationManager configured with AuthenticationProvider bean with name authenticationProvider
2025-04-22T16:03:38.927+07:00  WARN 3864 --- [main] r$InitializeUserDetailsManagerConfigurer : Global AuthenticationManager configured with an AuthenticationProvider bean. UserDetailsService beans will not be used by Spring Security for automatically configuring username/password login. Consider removing the AuthenticationProvider bean. Alternatively, consider using the UserDetailsService in a manually instantiated DaoAuthenticationProvider. If the current configuration is intentional, to turn off this warning, increase the logging level of 'org.springframework.security.config.annotation.authentication.configuration.InitializeUserDetailsBeanManagerConfigurer' to ERROR
2025-04-22T16:03:38.962+07:00  INFO 3864 --- [main] o.s.d.j.r.query.QueryEnhancerFactory     : Hibernate is in classpath; If applicable, HQL parser will be used.
2025-04-22T16:03:39.471+07:00  WARN 3864 --- [main] JpaBaseConfiguration$JpaWebConfiguration : spring.jpa.open-in-view is enabled by default. Therefore, database queries may be performed during view rendering. Explicitly configure spring.jpa.open-in-view to disable this warning
2025-04-22T16:03:39.745+07:00  WARN 3864 --- [main] thorizationManagerRequestMatcherRegistry : One of the patterns in [api/auth/register, api/auth/otp/send, api/auth/reset-password, api/auth/login-google, api/auth/otp/verify, api/auth/login] is missing a leading slash. This is discouraged; please include the leading slash in all your request matcher patterns. In future versions of Spring Security, leaving out the leading slash will result in an exception.
2025-04-22T16:03:39.809+07:00  INFO 3864 --- [main] o.s.v.b.OptionalValidatorFactoryBean     : Failed to set up a Bean Validation provider: jakarta.validation.NoProviderFoundException: Unable to create a Configuration, because no Jakarta Bean Validation provider could be found. Add a provider like Hibernate Validator (RI) to your classpath.
2025-04-22T16:03:40.133+07:00  INFO 3864 --- [main] o.s.b.w.embedded.tomcat.TomcatWebServer  : Tomcat started on port 8080 (http) with context path '/'
2025-04-22T16:03:40.145+07:00  INFO 3864 --- [main] c.e.auth_service.AuthServiceApplication  : Started AuthServiceApplication in 9.462 seconds (process running for 10.285)
2025-04-22T16:03:47.577+07:00  INFO 3864 --- [http-nio-8080-exec-2] o.a.c.c.C.[Tomcat].[localhost].[/]       : Initializing Spring DispatcherServlet 'dispatcherServlet'
2025-04-22T16:03:47.577+07:00  INFO 3864 --- [http-nio-8080-exec-2] o.s.web.servlet.DispatcherServlet        : Initializing Servlet 'dispatcherServlet'
2025-04-22T16:03:47.579+07:00  INFO 3864 --- [http-nio-8080-exec-2] o.s.web.servlet.DispatcherServlet        : Completed initialization in 1 ms
2025-04-22T16:03:48.283+07:00  INFO 3864 --- [http-nio-8080-exec-2] c.e.a.application.service.AuthService    : Email and Phone not found
2025-04-22T16:04:04.523+07:00  INFO 3864 --- [http-nio-8080-exec-7] c.e.a.application.service.AuthService    : Email and Phone not found
2025-04-22T16:04:20.993+07:00 ERROR 3864 --- [http-nio-8080-exec-3] c.e.a.application.service.AuthService    : Password not match
2025-04-22T16:05:17.327+07:00  INFO 3864 --- [SpringApplicationShutdownHook] o.s.b.w.e.tomcat.GracefulShutdown        : Commencing graceful shutdown. Waiting for active requests to complete
2025-04-22T16:05:17.336+07:00  INFO 3864 --- [tomcat-shutdown] o.s.b.w.e.tomcat.GracefulShutdown        : Graceful shutdown complete
2025-04-22T16:05:17.341+07:00  INFO 3864 --- [SpringApplicationShutdownHook] j.LocalContainerEntityManagerFactoryBean : Closing JPA EntityManagerFactory for persistence unit 'default'
2025-04-22T16:05:17.344+07:00  INFO 3864 --- [SpringApplicationShutdownHook] com.zaxxer.hikari.HikariDataSource       : HikariPool-1 - Shutdown initiated...
2025-04-22T16:05:17.837+07:00  INFO 3864 --- [SpringApplicationShutdownHook] com.zaxxer.hikari.HikariDataSource       : HikariPool-1 - Shutdown completed.
2025-04-22T16:06:27.669+07:00 ERROR 10560 --- [http-nio-8080-exec-1] c.e.a.application.service.AuthService    : Password not match
2025-04-22T16:07:26.938+07:00 ERROR 6976 --- [http-nio-8080-exec-3] c.e.a.application.service.AuthService    : Email and Phone not found
2025-04-22T16:07:41.254+07:00 ERROR 6976 --- [http-nio-8080-exec-6] c.e.a.application.service.AuthService    : Password not match
